[2.711s] Invoking command in '/home/wheeltec/ros_ws3/src/rosbot_lane_follower_v2': PYTHONPATH=/home/wheeltec/ros_ws3/build/rosbot_lane_follower_v2/prefix_override:/usr/lib/python3/dist-packages/colcon_core/task/python/colcon_distutils_commands:/home/wheeltec/ros_ws3/install/rosbot_lane_follower_v2/lib/python3.10/site-packages:${PYTHONPATH} /usr/bin/python3 -W ignore:setup.py install is deprecated -W ignore:easy_install command is deprecated setup.py egg_info --egg-base ../../build/rosbot_lane_follower_v2 build --build-base /home/wheeltec/ros_ws3/build/rosbot_lane_follower_v2/build install --record /home/wheeltec/ros_ws3/build/rosbot_lane_follower_v2/install.log --single-version-externally-managed install_data
[3.793s] running egg_info
[3.833s] writing ../../build/rosbot_lane_follower_v2/rosbot_lane_follower_v2.egg-info/PKG-INFO
[3.834s] writing dependency_links to ../../build/rosbot_lane_follower_v2/rosbot_lane_follower_v2.egg-info/dependency_links.txt
[3.834s] writing entry points to ../../build/rosbot_lane_follower_v2/rosbot_lane_follower_v2.egg-info/entry_points.txt
[3.835s] writing requirements to ../../build/rosbot_lane_follower_v2/rosbot_lane_follower_v2.egg-info/requires.txt
[3.835s] writing top-level names to ../../build/rosbot_lane_follower_v2/rosbot_lane_follower_v2.egg-info/top_level.txt
[4.002s] ERROR setuptools_scm._file_finders.git listing git files failed - pretending there aren't any
[4.005s] reading manifest file '../../build/rosbot_lane_follower_v2/rosbot_lane_follower_v2.egg-info/SOURCES.txt'
[4.007s] writing manifest file '../../build/rosbot_lane_follower_v2/rosbot_lane_follower_v2.egg-info/SOURCES.txt'
[4.007s] running build
[4.008s] running build_py
[4.008s] copying rosbot_lane_follower_v2/lane_follower_node.py -> /home/wheeltec/ros_ws3/build/rosbot_lane_follower_v2/build/lib/rosbot_lane_follower_v2
[4.009s] running install
[4.021s] running install_lib
[4.063s] copying /home/wheeltec/ros_ws3/build/rosbot_lane_follower_v2/build/lib/rosbot_lane_follower_v2/lane_follower_node.py -> /home/wheeltec/ros_ws3/install/rosbot_lane_follower_v2/lib/python3.10/site-packages/rosbot_lane_follower_v2
[4.066s] byte-compiling /home/wheeltec/ros_ws3/install/rosbot_lane_follower_v2/lib/python3.10/site-packages/rosbot_lane_follower_v2/lane_follower_node.py to lane_follower_node.cpython-310.pyc
[4.070s] running install_data
[4.070s] running install_egg_info
[4.112s] removing '/home/wheeltec/ros_ws3/install/rosbot_lane_follower_v2/lib/python3.10/site-packages/rosbot_lane_follower_v2-0.1.0-py3.10.egg-info' (and everything under it)
[4.112s] Copying ../../build/rosbot_lane_follower_v2/rosbot_lane_follower_v2.egg-info to /home/wheeltec/ros_ws3/install/rosbot_lane_follower_v2/lib/python3.10/site-packages/rosbot_lane_follower_v2-0.1.0-py3.10.egg-info
[4.115s] running install_scripts
[4.280s] Installing lane_follower_node script to /home/wheeltec/ros_ws3/install/rosbot_lane_follower_v2/lib/rosbot_lane_follower_v2
[4.280s] Installing steering_controller_node script to /home/wheeltec/ros_ws3/install/rosbot_lane_follower_v2/lib/rosbot_lane_follower_v2
[4.281s] writing list of installed files to '/home/wheeltec/ros_ws3/build/rosbot_lane_follower_v2/install.log'
[4.434s] Invoked command in '/home/wheeltec/ros_ws3/src/rosbot_lane_follower_v2' returned '0': PYTHONPATH=/home/wheeltec/ros_ws3/build/rosbot_lane_follower_v2/prefix_override:/usr/lib/python3/dist-packages/colcon_core/task/python/colcon_distutils_commands:/home/wheeltec/ros_ws3/install/rosbot_lane_follower_v2/lib/python3.10/site-packages:${PYTHONPATH} /usr/bin/python3 -W ignore:setup.py install is deprecated -W ignore:easy_install command is deprecated setup.py egg_info --egg-base ../../build/rosbot_lane_follower_v2 build --build-base /home/wheeltec/ros_ws3/build/rosbot_lane_follower_v2/build install --record /home/wheeltec/ros_ws3/build/rosbot_lane_follower_v2/install.log --single-version-externally-managed install_data
