running egg_info
writing ../../build/rosbot_lane_follower_v2/rosbot_lane_follower_v2.egg-info/PKG-INFO
writing dependency_links to ../../build/rosbot_lane_follower_v2/rosbot_lane_follower_v2.egg-info/dependency_links.txt
writing entry points to ../../build/rosbot_lane_follower_v2/rosbot_lane_follower_v2.egg-info/entry_points.txt
writing requirements to ../../build/rosbot_lane_follower_v2/rosbot_lane_follower_v2.egg-info/requires.txt
writing top-level names to ../../build/rosbot_lane_follower_v2/rosbot_lane_follower_v2.egg-info/top_level.txt
reading manifest file '../../build/rosbot_lane_follower_v2/rosbot_lane_follower_v2.egg-info/SOURCES.txt'
writing manifest file '../../build/rosbot_lane_follower_v2/rosbot_lane_follower_v2.egg-info/SOURCES.txt'
running build
running build_py
copying rosbot_lane_follower_v2/utils.py -> /home/wheeltec/ros_ws3/build/rosbot_lane_follower_v2/build/lib/rosbot_lane_follower_v2
running install
running install_lib
copying /home/wheeltec/ros_ws3/build/rosbot_lane_follower_v2/build/lib/rosbot_lane_follower_v2/utils.py -> /home/wheeltec/ros_ws3/install/rosbot_lane_follower_v2/lib/python3.10/site-packages/rosbot_lane_follower_v2
byte-compiling /home/wheeltec/ros_ws3/install/rosbot_lane_follower_v2/lib/python3.10/site-packages/rosbot_lane_follower_v2/utils.py to utils.cpython-310.pyc
running install_data
running install_egg_info
removing '/home/wheeltec/ros_ws3/install/rosbot_lane_follower_v2/lib/python3.10/site-packages/rosbot_lane_follower_v2-0.1.0-py3.10.egg-info' (and everything under it)
Copying ../../build/rosbot_lane_follower_v2/rosbot_lane_follower_v2.egg-info to /home/wheeltec/ros_ws3/install/rosbot_lane_follower_v2/lib/python3.10/site-packages/rosbot_lane_follower_v2-0.1.0-py3.10.egg-info
running install_scripts
Installing lane_follower_node script to /home/wheeltec/ros_ws3/install/rosbot_lane_follower_v2/lib/rosbot_lane_follower_v2
Installing steering_controller_node script to /home/wheeltec/ros_ws3/install/rosbot_lane_follower_v2/lib/rosbot_lane_follower_v2
writing list of installed files to '/home/wheeltec/ros_ws3/build/rosbot_lane_follower_v2/install.log'
