[0.315s] DEBUG:colcon:Command line arguments: ['/usr/bin/colcon', 'build', '--packages-select', 'rosbot_lane_follower_v2']
[0.315s] DEBUG:colcon:Parsed command line arguments: Namespace(log_base=None, log_level=None, verb_name='build', build_base='build', install_base='install', merge_install=False, symlink_install=False, test_result_base=None, continue_on_error=False, executor='parallel', parallel_workers=6, event_handlers=None, ignore_user_meta=False, metas=['./colcon.meta'], base_paths=['.'], packages_ignore=None, packages_ignore_regex=None, paths=None, packages_up_to=None, packages_up_to_regex=None, packages_above=None, packages_above_and_dependencies=None, packages_above_depth=None, packages_select_by_dep=None, packages_skip_by_dep=None, packages_skip_up_to=None, packages_select_build_failed=False, packages_skip_build_finished=False, packages_select_test_failures=False, packages_skip_test_passed=False, packages_select=['rosbot_lane_follower_v2'], packages_skip=None, packages_select_regex=None, packages_skip_regex=None, packages_start=None, packages_end=None, allow_overriding=[], cmake_args=None, cmake_target=None, cmake_target_skip_unavailable=False, cmake_clean_cache=False, cmake_clean_first=False, cmake_force_configure=False, ament_cmake_args=None, catkin_cmake_args=None, catkin_skip_building_tests=False, verb_parser=<colcon_defaults.argument_parser.defaults.DefaultArgumentsDecorator object at 0xffff820623b0>, verb_extension=<colcon_core.verb.build.BuildVerb object at 0xffff82061f30>, main=<bound method BuildVerb.main of <colcon_core.verb.build.BuildVerb object at 0xffff82061f30>>)
[1.003s] Level 1:colcon.colcon_core.package_discovery:discover_packages(colcon_meta) check parameters
[1.004s] Level 1:colcon.colcon_core.package_discovery:discover_packages(recursive) check parameters
[1.004s] Level 1:colcon.colcon_core.package_discovery:discover_packages(ignore) check parameters
[1.004s] Level 1:colcon.colcon_core.package_discovery:discover_packages(path) check parameters
[1.004s] Level 1:colcon.colcon_core.package_discovery:discover_packages(colcon_meta) discover
[1.004s] Level 1:colcon.colcon_core.package_discovery:discover_packages(recursive) discover
[1.004s] INFO:colcon.colcon_core.package_discovery:Crawling recursively for packages in '/home/wheeltec/ros_ws3'
[1.005s] Level 1:colcon.colcon_core.package_identification:_identify(.) by extensions ['ignore', 'ignore_ament_install']
[1.005s] Level 1:colcon.colcon_core.package_identification:_identify(.) by extension 'ignore'
[1.005s] Level 1:colcon.colcon_core.package_identification:_identify(.) by extension 'ignore_ament_install'
[1.005s] Level 1:colcon.colcon_core.package_identification:_identify(.) by extensions ['colcon_pkg']
[1.005s] Level 1:colcon.colcon_core.package_identification:_identify(.) by extension 'colcon_pkg'
[1.005s] Level 1:colcon.colcon_core.package_identification:_identify(.) by extensions ['colcon_meta']
[1.005s] Level 1:colcon.colcon_core.package_identification:_identify(.) by extension 'colcon_meta'
[1.005s] Level 1:colcon.colcon_core.package_identification:_identify(.) by extensions ['ros']
[1.006s] Level 1:colcon.colcon_core.package_identification:_identify(.) by extension 'ros'
[1.037s] Level 1:colcon.colcon_core.package_identification:_identify(.) by extensions ['cmake', 'python']
[1.037s] Level 1:colcon.colcon_core.package_identification:_identify(.) by extension 'cmake'
[1.037s] Level 1:colcon.colcon_core.package_identification:_identify(.) by extension 'python'
[1.037s] Level 1:colcon.colcon_core.package_identification:_identify(.) by extensions ['python_setup_py']
[1.037s] Level 1:colcon.colcon_core.package_identification:_identify(.) by extension 'python_setup_py'
[1.038s] Level 1:colcon.colcon_core.package_identification:_identify(build) by extensions ['ignore', 'ignore_ament_install']
[1.038s] Level 1:colcon.colcon_core.package_identification:_identify(build) by extension 'ignore'
[1.038s] Level 1:colcon.colcon_core.package_identification:_identify(build) ignored
[1.038s] Level 1:colcon.colcon_core.package_identification:_identify(install) by extensions ['ignore', 'ignore_ament_install']
[1.039s] Level 1:colcon.colcon_core.package_identification:_identify(install) by extension 'ignore'
[1.039s] Level 1:colcon.colcon_core.package_identification:_identify(install) ignored
[1.039s] Level 1:colcon.colcon_core.package_identification:_identify(log) by extensions ['ignore', 'ignore_ament_install']
[1.039s] Level 1:colcon.colcon_core.package_identification:_identify(log) by extension 'ignore'
[1.039s] Level 1:colcon.colcon_core.package_identification:_identify(log) ignored
[1.040s] Level 1:colcon.colcon_core.package_identification:_identify(src) by extensions ['ignore', 'ignore_ament_install']
[1.040s] Level 1:colcon.colcon_core.package_identification:_identify(src) by extension 'ignore'
[1.040s] Level 1:colcon.colcon_core.package_identification:_identify(src) by extension 'ignore_ament_install'
[1.040s] Level 1:colcon.colcon_core.package_identification:_identify(src) by extensions ['colcon_pkg']
[1.040s] Level 1:colcon.colcon_core.package_identification:_identify(src) by extension 'colcon_pkg'
[1.040s] Level 1:colcon.colcon_core.package_identification:_identify(src) by extensions ['colcon_meta']
[1.040s] Level 1:colcon.colcon_core.package_identification:_identify(src) by extension 'colcon_meta'
[1.040s] Level 1:colcon.colcon_core.package_identification:_identify(src) by extensions ['ros']
[1.040s] Level 1:colcon.colcon_core.package_identification:_identify(src) by extension 'ros'
[1.041s] Level 1:colcon.colcon_core.package_identification:_identify(src) by extensions ['cmake', 'python']
[1.041s] Level 1:colcon.colcon_core.package_identification:_identify(src) by extension 'cmake'
[1.041s] Level 1:colcon.colcon_core.package_identification:_identify(src) by extension 'python'
[1.041s] Level 1:colcon.colcon_core.package_identification:_identify(src) by extensions ['python_setup_py']
[1.041s] Level 1:colcon.colcon_core.package_identification:_identify(src) by extension 'python_setup_py'
[1.041s] Level 1:colcon.colcon_core.package_identification:_identify(src/rosbot_lane_follower_v2) by extensions ['ignore', 'ignore_ament_install']
[1.041s] Level 1:colcon.colcon_core.package_identification:_identify(src/rosbot_lane_follower_v2) by extension 'ignore'
[1.042s] Level 1:colcon.colcon_core.package_identification:_identify(src/rosbot_lane_follower_v2) by extension 'ignore_ament_install'
[1.042s] Level 1:colcon.colcon_core.package_identification:_identify(src/rosbot_lane_follower_v2) by extensions ['colcon_pkg']
[1.042s] Level 1:colcon.colcon_core.package_identification:_identify(src/rosbot_lane_follower_v2) by extension 'colcon_pkg'
[1.042s] Level 1:colcon.colcon_core.package_identification:_identify(src/rosbot_lane_follower_v2) by extensions ['colcon_meta']
[1.042s] Level 1:colcon.colcon_core.package_identification:_identify(src/rosbot_lane_follower_v2) by extension 'colcon_meta'
[1.042s] Level 1:colcon.colcon_core.package_identification:_identify(src/rosbot_lane_follower_v2) by extensions ['ros']
[1.042s] Level 1:colcon.colcon_core.package_identification:_identify(src/rosbot_lane_follower_v2) by extension 'ros'
[1.051s] DEBUG:colcon.colcon_core.package_identification:Package 'src/rosbot_lane_follower_v2' with type 'ros.ament_python' and name 'rosbot_lane_follower_v2'
[1.051s] Level 1:colcon.colcon_core.package_discovery:discover_packages(recursive) using defaults
[1.051s] Level 1:colcon.colcon_core.package_discovery:discover_packages(ignore) discover
[1.051s] Level 1:colcon.colcon_core.package_discovery:discover_packages(ignore) using defaults
[1.051s] Level 1:colcon.colcon_core.package_discovery:discover_packages(path) discover
[1.051s] Level 1:colcon.colcon_core.package_discovery:discover_packages(path) using defaults
[1.106s] Level 1:colcon.colcon_core.package_discovery:discover_packages(prefix_path) check parameters
[1.106s] Level 1:colcon.colcon_core.package_discovery:discover_packages(prefix_path) discover
[1.121s] DEBUG:colcon.colcon_installed_package_information.package_discovery:Found 1 installed packages in /home/wheeltec/ros_ws3/install
[1.124s] DEBUG:colcon.colcon_installed_package_information.package_discovery:Found 2 installed packages in /home/wheeltec/rosbot_ros2/install
[1.128s] DEBUG:colcon.colcon_installed_package_information.package_discovery:Found 2 installed packages in /home/wheeltec/micros_ws/install
[1.160s] DEBUG:colcon.colcon_installed_package_information.package_discovery:Found 91 installed packages in /home/wheeltec/wheeltec_ros2/install
[1.164s] DEBUG:colcon.colcon_installed_package_information.package_discovery:Found 330 installed packages in /opt/ros/humble
[1.168s] Level 1:colcon.colcon_core.package_discovery:discover_packages(prefix_path) using defaults
[1.341s] Level 5:colcon.colcon_core.verb:set package 'rosbot_lane_follower_v2' build argument 'cmake_args' from command line to 'None'
[1.341s] Level 5:colcon.colcon_core.verb:set package 'rosbot_lane_follower_v2' build argument 'cmake_target' from command line to 'None'
[1.341s] Level 5:colcon.colcon_core.verb:set package 'rosbot_lane_follower_v2' build argument 'cmake_target_skip_unavailable' from command line to 'False'
[1.341s] Level 5:colcon.colcon_core.verb:set package 'rosbot_lane_follower_v2' build argument 'cmake_clean_cache' from command line to 'False'
[1.341s] Level 5:colcon.colcon_core.verb:set package 'rosbot_lane_follower_v2' build argument 'cmake_clean_first' from command line to 'False'
[1.341s] Level 5:colcon.colcon_core.verb:set package 'rosbot_lane_follower_v2' build argument 'cmake_force_configure' from command line to 'False'
[1.341s] Level 5:colcon.colcon_core.verb:set package 'rosbot_lane_follower_v2' build argument 'ament_cmake_args' from command line to 'None'
[1.341s] Level 5:colcon.colcon_core.verb:set package 'rosbot_lane_follower_v2' build argument 'catkin_cmake_args' from command line to 'None'
[1.341s] Level 5:colcon.colcon_core.verb:set package 'rosbot_lane_follower_v2' build argument 'catkin_skip_building_tests' from command line to 'False'
[1.341s] DEBUG:colcon.colcon_core.verb:Building package 'rosbot_lane_follower_v2' with the following arguments: {'ament_cmake_args': None, 'build_base': '/home/wheeltec/ros_ws3/build/rosbot_lane_follower_v2', 'catkin_cmake_args': None, 'catkin_skip_building_tests': False, 'cmake_args': None, 'cmake_clean_cache': False, 'cmake_clean_first': False, 'cmake_force_configure': False, 'cmake_target': None, 'cmake_target_skip_unavailable': False, 'install_base': '/home/wheeltec/ros_ws3/install/rosbot_lane_follower_v2', 'merge_install': False, 'path': '/home/wheeltec/ros_ws3/src/rosbot_lane_follower_v2', 'symlink_install': False, 'test_result_base': None}
[1.342s] INFO:colcon.colcon_core.executor:Executing jobs using 'parallel' executor
[1.344s] DEBUG:colcon.colcon_parallel_executor.executor.parallel:run_until_complete
[1.345s] INFO:colcon.colcon_ros.task.ament_python.build:Building ROS package in '/home/wheeltec/ros_ws3/src/rosbot_lane_follower_v2' with build type 'ament_python'
[1.345s] Level 1:colcon.colcon_core.shell:create_environment_hook('rosbot_lane_follower_v2', 'ament_prefix_path')
[1.354s] INFO:colcon.colcon_core.plugin_system:Skipping extension 'colcon_core.shell.bat': Not used on non-Windows systems
[1.354s] INFO:colcon.colcon_core.shell:Creating environment hook '/home/wheeltec/ros_ws3/install/rosbot_lane_follower_v2/share/rosbot_lane_follower_v2/hook/ament_prefix_path.ps1'
[1.356s] INFO:colcon.colcon_core.shell:Creating environment descriptor '/home/wheeltec/ros_ws3/install/rosbot_lane_follower_v2/share/rosbot_lane_follower_v2/hook/ament_prefix_path.dsv'
[1.358s] INFO:colcon.colcon_core.shell:Creating environment hook '/home/wheeltec/ros_ws3/install/rosbot_lane_follower_v2/share/rosbot_lane_follower_v2/hook/ament_prefix_path.sh'
[1.359s] INFO:colcon.colcon_core.shell:Skip shell extension 'powershell' for command environment: Not usable outside of PowerShell
[1.359s] DEBUG:colcon.colcon_core.shell:Skip shell extension 'dsv' for command environment
[2.362s] INFO:colcon.colcon_core.task.python.build:Building Python package in '/home/wheeltec/ros_ws3/src/rosbot_lane_follower_v2'
[2.363s] INFO:colcon.colcon_core.shell:Skip shell extension 'powershell' for command environment: Not usable outside of PowerShell
[2.364s] DEBUG:colcon.colcon_core.shell:Skip shell extension 'dsv' for command environment
[3.964s] DEBUG:colcon.colcon_core.event_handler.log_command:Invoking command in '/home/wheeltec/ros_ws3/src/rosbot_lane_follower_v2': PYTHONPATH=/home/wheeltec/ros_ws3/build/rosbot_lane_follower_v2/prefix_override:/usr/lib/python3/dist-packages/colcon_core/task/python/colcon_distutils_commands:/home/wheeltec/ros_ws3/install/rosbot_lane_follower_v2/lib/python3.10/site-packages:${PYTHONPATH} /usr/bin/python3 -W ignore:setup.py install is deprecated -W ignore:easy_install command is deprecated setup.py egg_info --egg-base ../../build/rosbot_lane_follower_v2 build --build-base /home/wheeltec/ros_ws3/build/rosbot_lane_follower_v2/build install --record /home/wheeltec/ros_ws3/build/rosbot_lane_follower_v2/install.log --single-version-externally-managed install_data
[5.633s] DEBUG:colcon.colcon_core.event_handler.log_command:Invoked command in '/home/wheeltec/ros_ws3/src/rosbot_lane_follower_v2' returned '0': PYTHONPATH=/home/wheeltec/ros_ws3/build/rosbot_lane_follower_v2/prefix_override:/usr/lib/python3/dist-packages/colcon_core/task/python/colcon_distutils_commands:/home/wheeltec/ros_ws3/install/rosbot_lane_follower_v2/lib/python3.10/site-packages:${PYTHONPATH} /usr/bin/python3 -W ignore:setup.py install is deprecated -W ignore:easy_install command is deprecated setup.py egg_info --egg-base ../../build/rosbot_lane_follower_v2 build --build-base /home/wheeltec/ros_ws3/build/rosbot_lane_follower_v2/build install --record /home/wheeltec/ros_ws3/build/rosbot_lane_follower_v2/install.log --single-version-externally-managed install_data
[5.648s] Level 1:colcon.colcon_core.environment:checking '/home/wheeltec/ros_ws3/install/rosbot_lane_follower_v2' for CMake module files
[5.650s] Level 1:colcon.colcon_core.environment:checking '/home/wheeltec/ros_ws3/install/rosbot_lane_follower_v2' for CMake config files
[5.653s] Level 1:colcon.colcon_core.environment:checking '/home/wheeltec/ros_ws3/install/rosbot_lane_follower_v2/lib'
[5.653s] Level 1:colcon.colcon_core.environment:checking '/home/wheeltec/ros_ws3/install/rosbot_lane_follower_v2/bin'
[5.654s] Level 1:colcon.colcon_core.environment:checking '/home/wheeltec/ros_ws3/install/rosbot_lane_follower_v2/lib/pkgconfig/rosbot_lane_follower_v2.pc'
[5.654s] Level 1:colcon.colcon_core.environment:checking '/home/wheeltec/ros_ws3/install/rosbot_lane_follower_v2/lib/python3.10/site-packages'
[5.655s] Level 1:colcon.colcon_core.shell:create_environment_hook('rosbot_lane_follower_v2', 'pythonpath')
[5.655s] INFO:colcon.colcon_core.shell:Creating environment hook '/home/wheeltec/ros_ws3/install/rosbot_lane_follower_v2/share/rosbot_lane_follower_v2/hook/pythonpath.ps1'
[5.657s] INFO:colcon.colcon_core.shell:Creating environment descriptor '/home/wheeltec/ros_ws3/install/rosbot_lane_follower_v2/share/rosbot_lane_follower_v2/hook/pythonpath.dsv'
[5.658s] INFO:colcon.colcon_core.shell:Creating environment hook '/home/wheeltec/ros_ws3/install/rosbot_lane_follower_v2/share/rosbot_lane_follower_v2/hook/pythonpath.sh'
[5.660s] Level 1:colcon.colcon_core.environment:checking '/home/wheeltec/ros_ws3/install/rosbot_lane_follower_v2/bin'
[5.661s] Level 1:colcon.colcon_core.environment:create_environment_scripts_only(rosbot_lane_follower_v2)
[5.662s] INFO:colcon.colcon_core.shell:Creating package script '/home/wheeltec/ros_ws3/install/rosbot_lane_follower_v2/share/rosbot_lane_follower_v2/package.ps1'
[5.665s] INFO:colcon.colcon_core.shell:Creating package descriptor '/home/wheeltec/ros_ws3/install/rosbot_lane_follower_v2/share/rosbot_lane_follower_v2/package.dsv'
[5.667s] INFO:colcon.colcon_core.shell:Creating package script '/home/wheeltec/ros_ws3/install/rosbot_lane_follower_v2/share/rosbot_lane_follower_v2/package.sh'
[5.670s] INFO:colcon.colcon_core.shell:Creating package script '/home/wheeltec/ros_ws3/install/rosbot_lane_follower_v2/share/rosbot_lane_follower_v2/package.bash'
[5.674s] INFO:colcon.colcon_core.shell:Creating package script '/home/wheeltec/ros_ws3/install/rosbot_lane_follower_v2/share/rosbot_lane_follower_v2/package.zsh'
[5.677s] Level 1:colcon.colcon_core.environment:create_file_with_runtime_dependencies(/home/wheeltec/ros_ws3/install/rosbot_lane_follower_v2/share/colcon-core/packages/rosbot_lane_follower_v2)
[5.678s] DEBUG:colcon.colcon_parallel_executor.executor.parallel:closing loop
[5.680s] DEBUG:colcon.colcon_parallel_executor.executor.parallel:loop closed
[5.680s] DEBUG:colcon.colcon_parallel_executor.executor.parallel:run_until_complete finished with '0'
[5.681s] DEBUG:colcon.colcon_core.event_reactor:joining thread
[5.702s] INFO:colcon.colcon_core.plugin_system:Skipping extension 'colcon_notification.desktop_notification.terminal_notifier': Not used on non-Darwin systems
[5.702s] INFO:colcon.colcon_core.plugin_system:Skipping extension 'colcon_notification.desktop_notification.win32': Not used on non-Windows systems
[5.702s] INFO:colcon.colcon_notification.desktop_notification:Sending desktop notification using 'notify2'
[5.751s] DEBUG:colcon.colcon_core.event_reactor:joined thread
[5.753s] INFO:colcon.colcon_core.shell:Creating prefix script '/home/wheeltec/ros_ws3/install/local_setup.ps1'
[5.757s] INFO:colcon.colcon_core.shell:Creating prefix util module '/home/wheeltec/ros_ws3/install/_local_setup_util_ps1.py'
[5.763s] INFO:colcon.colcon_core.shell:Creating prefix chain script '/home/wheeltec/ros_ws3/install/setup.ps1'
[5.784s] INFO:colcon.colcon_core.shell:Creating prefix script '/home/wheeltec/ros_ws3/install/local_setup.sh'
[5.786s] INFO:colcon.colcon_core.shell:Creating prefix util module '/home/wheeltec/ros_ws3/install/_local_setup_util_sh.py'
[5.789s] INFO:colcon.colcon_core.shell:Creating prefix chain script '/home/wheeltec/ros_ws3/install/setup.sh'
[5.809s] INFO:colcon.colcon_core.shell:Creating prefix script '/home/wheeltec/ros_ws3/install/local_setup.bash'
[5.811s] INFO:colcon.colcon_core.shell:Creating prefix chain script '/home/wheeltec/ros_ws3/install/setup.bash'
[5.828s] INFO:colcon.colcon_core.shell:Creating prefix script '/home/wheeltec/ros_ws3/install/local_setup.zsh'
[5.830s] INFO:colcon.colcon_core.shell:Creating prefix chain script '/home/wheeltec/ros_ws3/install/setup.zsh'
