[0.263s] DEBUG:colcon:Command line arguments: ['/usr/bin/colcon', 'build', '--packages-select', 'rosbot_lane_follower_v2']
[0.263s] DEBUG:colcon:Parsed command line arguments: Namespace(log_base=None, log_level=None, verb_name='build', build_base='build', install_base='install', merge_install=False, symlink_install=False, test_result_base=None, continue_on_error=False, executor='parallel', parallel_workers=6, event_handlers=None, ignore_user_meta=False, metas=['./colcon.meta'], base_paths=['.'], packages_ignore=None, packages_ignore_regex=None, paths=None, packages_up_to=None, packages_up_to_regex=None, packages_above=None, packages_above_and_dependencies=None, packages_above_depth=None, packages_select_by_dep=None, packages_skip_by_dep=None, packages_skip_up_to=None, packages_select_build_failed=False, packages_skip_build_finished=False, packages_select_test_failures=False, packages_skip_test_passed=False, packages_select=['rosbot_lane_follower_v2'], packages_skip=None, packages_select_regex=None, packages_skip_regex=None, packages_start=None, packages_end=None, allow_overriding=[], cmake_args=None, cmake_target=None, cmake_target_skip_unavailable=False, cmake_clean_cache=False, cmake_clean_first=False, cmake_force_configure=False, ament_cmake_args=None, catkin_cmake_args=None, catkin_skip_building_tests=False, verb_parser=<colcon_defaults.argument_parser.defaults.DefaultArgumentsDecorator object at 0xffff8b8323b0>, verb_extension=<colcon_core.verb.build.BuildVerb object at 0xffff8b831f30>, main=<bound method BuildVerb.main of <colcon_core.verb.build.BuildVerb object at 0xffff8b831f30>>)
[0.845s] Level 1:colcon.colcon_core.package_discovery:discover_packages(colcon_meta) check parameters
[0.846s] Level 1:colcon.colcon_core.package_discovery:discover_packages(recursive) check parameters
[0.846s] Level 1:colcon.colcon_core.package_discovery:discover_packages(ignore) check parameters
[0.846s] Level 1:colcon.colcon_core.package_discovery:discover_packages(path) check parameters
[0.846s] Level 1:colcon.colcon_core.package_discovery:discover_packages(colcon_meta) discover
[0.846s] Level 1:colcon.colcon_core.package_discovery:discover_packages(recursive) discover
[0.846s] INFO:colcon.colcon_core.package_discovery:Crawling recursively for packages in '/home/wheeltec/ros_ws3'
[0.846s] Level 1:colcon.colcon_core.package_identification:_identify(.) by extensions ['ignore', 'ignore_ament_install']
[0.847s] Level 1:colcon.colcon_core.package_identification:_identify(.) by extension 'ignore'
[0.847s] Level 1:colcon.colcon_core.package_identification:_identify(.) by extension 'ignore_ament_install'
[0.847s] Level 1:colcon.colcon_core.package_identification:_identify(.) by extensions ['colcon_pkg']
[0.847s] Level 1:colcon.colcon_core.package_identification:_identify(.) by extension 'colcon_pkg'
[0.847s] Level 1:colcon.colcon_core.package_identification:_identify(.) by extensions ['colcon_meta']
[0.847s] Level 1:colcon.colcon_core.package_identification:_identify(.) by extension 'colcon_meta'
[0.847s] Level 1:colcon.colcon_core.package_identification:_identify(.) by extensions ['ros']
[0.847s] Level 1:colcon.colcon_core.package_identification:_identify(.) by extension 'ros'
[0.876s] Level 1:colcon.colcon_core.package_identification:_identify(.) by extensions ['cmake', 'python']
[0.876s] Level 1:colcon.colcon_core.package_identification:_identify(.) by extension 'cmake'
[0.876s] Level 1:colcon.colcon_core.package_identification:_identify(.) by extension 'python'
[0.876s] Level 1:colcon.colcon_core.package_identification:_identify(.) by extensions ['python_setup_py']
[0.876s] Level 1:colcon.colcon_core.package_identification:_identify(.) by extension 'python_setup_py'
[0.877s] Level 1:colcon.colcon_core.package_identification:_identify(build) by extensions ['ignore', 'ignore_ament_install']
[0.877s] Level 1:colcon.colcon_core.package_identification:_identify(build) by extension 'ignore'
[0.877s] Level 1:colcon.colcon_core.package_identification:_identify(build) ignored
[0.877s] Level 1:colcon.colcon_core.package_identification:_identify(install) by extensions ['ignore', 'ignore_ament_install']
[0.878s] Level 1:colcon.colcon_core.package_identification:_identify(install) by extension 'ignore'
[0.878s] Level 1:colcon.colcon_core.package_identification:_identify(install) ignored
[0.879s] Level 1:colcon.colcon_core.package_identification:_identify(log) by extensions ['ignore', 'ignore_ament_install']
[0.879s] Level 1:colcon.colcon_core.package_identification:_identify(log) by extension 'ignore'
[0.880s] Level 1:colcon.colcon_core.package_identification:_identify(log) ignored
[0.880s] Level 1:colcon.colcon_core.package_identification:_identify(src) by extensions ['ignore', 'ignore_ament_install']
[0.880s] Level 1:colcon.colcon_core.package_identification:_identify(src) by extension 'ignore'
[0.880s] Level 1:colcon.colcon_core.package_identification:_identify(src) by extension 'ignore_ament_install'
[0.881s] Level 1:colcon.colcon_core.package_identification:_identify(src) by extensions ['colcon_pkg']
[0.881s] Level 1:colcon.colcon_core.package_identification:_identify(src) by extension 'colcon_pkg'
[0.881s] Level 1:colcon.colcon_core.package_identification:_identify(src) by extensions ['colcon_meta']
[0.881s] Level 1:colcon.colcon_core.package_identification:_identify(src) by extension 'colcon_meta'
[0.882s] Level 1:colcon.colcon_core.package_identification:_identify(src) by extensions ['ros']
[0.882s] Level 1:colcon.colcon_core.package_identification:_identify(src) by extension 'ros'
[0.882s] Level 1:colcon.colcon_core.package_identification:_identify(src) by extensions ['cmake', 'python']
[0.882s] Level 1:colcon.colcon_core.package_identification:_identify(src) by extension 'cmake'
[0.882s] Level 1:colcon.colcon_core.package_identification:_identify(src) by extension 'python'
[0.882s] Level 1:colcon.colcon_core.package_identification:_identify(src) by extensions ['python_setup_py']
[0.882s] Level 1:colcon.colcon_core.package_identification:_identify(src) by extension 'python_setup_py'
[0.883s] Level 1:colcon.colcon_core.package_identification:_identify(src/rosbot_lane_follower_v2) by extensions ['ignore', 'ignore_ament_install']
[0.883s] Level 1:colcon.colcon_core.package_identification:_identify(src/rosbot_lane_follower_v2) by extension 'ignore'
[0.883s] Level 1:colcon.colcon_core.package_identification:_identify(src/rosbot_lane_follower_v2) by extension 'ignore_ament_install'
[0.883s] Level 1:colcon.colcon_core.package_identification:_identify(src/rosbot_lane_follower_v2) by extensions ['colcon_pkg']
[0.883s] Level 1:colcon.colcon_core.package_identification:_identify(src/rosbot_lane_follower_v2) by extension 'colcon_pkg'
[0.883s] Level 1:colcon.colcon_core.package_identification:_identify(src/rosbot_lane_follower_v2) by extensions ['colcon_meta']
[0.883s] Level 1:colcon.colcon_core.package_identification:_identify(src/rosbot_lane_follower_v2) by extension 'colcon_meta'
[0.883s] Level 1:colcon.colcon_core.package_identification:_identify(src/rosbot_lane_follower_v2) by extensions ['ros']
[0.883s] Level 1:colcon.colcon_core.package_identification:_identify(src/rosbot_lane_follower_v2) by extension 'ros'
[0.890s] DEBUG:colcon.colcon_core.package_identification:Package 'src/rosbot_lane_follower_v2' with type 'ros.ament_python' and name 'rosbot_lane_follower_v2'
[0.890s] Level 1:colcon.colcon_core.package_discovery:discover_packages(recursive) using defaults
[0.890s] Level 1:colcon.colcon_core.package_discovery:discover_packages(ignore) discover
[0.890s] Level 1:colcon.colcon_core.package_discovery:discover_packages(ignore) using defaults
[0.890s] Level 1:colcon.colcon_core.package_discovery:discover_packages(path) discover
[0.890s] Level 1:colcon.colcon_core.package_discovery:discover_packages(path) using defaults
[0.937s] Level 1:colcon.colcon_core.package_discovery:discover_packages(prefix_path) check parameters
[0.938s] Level 1:colcon.colcon_core.package_discovery:discover_packages(prefix_path) discover
[0.949s] DEBUG:colcon.colcon_installed_package_information.package_discovery:Found 1 installed packages in /home/wheeltec/ros_ws3/install
[0.950s] DEBUG:colcon.colcon_installed_package_information.package_discovery:Found 2 installed packages in /home/wheeltec/rosbot_ros2/install
[0.951s] DEBUG:colcon.colcon_installed_package_information.package_discovery:Found 2 installed packages in /home/wheeltec/micros_ws/install
[0.957s] DEBUG:colcon.colcon_installed_package_information.package_discovery:Found 91 installed packages in /home/wheeltec/wheeltec_ros2/install
[0.960s] DEBUG:colcon.colcon_installed_package_information.package_discovery:Found 330 installed packages in /opt/ros/humble
[0.964s] Level 1:colcon.colcon_core.package_discovery:discover_packages(prefix_path) using defaults
[1.066s] Level 5:colcon.colcon_core.verb:set package 'rosbot_lane_follower_v2' build argument 'cmake_args' from command line to 'None'
[1.067s] Level 5:colcon.colcon_core.verb:set package 'rosbot_lane_follower_v2' build argument 'cmake_target' from command line to 'None'
[1.067s] Level 5:colcon.colcon_core.verb:set package 'rosbot_lane_follower_v2' build argument 'cmake_target_skip_unavailable' from command line to 'False'
[1.067s] Level 5:colcon.colcon_core.verb:set package 'rosbot_lane_follower_v2' build argument 'cmake_clean_cache' from command line to 'False'
[1.067s] Level 5:colcon.colcon_core.verb:set package 'rosbot_lane_follower_v2' build argument 'cmake_clean_first' from command line to 'False'
[1.067s] Level 5:colcon.colcon_core.verb:set package 'rosbot_lane_follower_v2' build argument 'cmake_force_configure' from command line to 'False'
[1.067s] Level 5:colcon.colcon_core.verb:set package 'rosbot_lane_follower_v2' build argument 'ament_cmake_args' from command line to 'None'
[1.067s] Level 5:colcon.colcon_core.verb:set package 'rosbot_lane_follower_v2' build argument 'catkin_cmake_args' from command line to 'None'
[1.067s] Level 5:colcon.colcon_core.verb:set package 'rosbot_lane_follower_v2' build argument 'catkin_skip_building_tests' from command line to 'False'
[1.067s] DEBUG:colcon.colcon_core.verb:Building package 'rosbot_lane_follower_v2' with the following arguments: {'ament_cmake_args': None, 'build_base': '/home/wheeltec/ros_ws3/build/rosbot_lane_follower_v2', 'catkin_cmake_args': None, 'catkin_skip_building_tests': False, 'cmake_args': None, 'cmake_clean_cache': False, 'cmake_clean_first': False, 'cmake_force_configure': False, 'cmake_target': None, 'cmake_target_skip_unavailable': False, 'install_base': '/home/wheeltec/ros_ws3/install/rosbot_lane_follower_v2', 'merge_install': False, 'path': '/home/wheeltec/ros_ws3/src/rosbot_lane_follower_v2', 'symlink_install': False, 'test_result_base': None}
[1.067s] INFO:colcon.colcon_core.executor:Executing jobs using 'parallel' executor
[1.070s] DEBUG:colcon.colcon_parallel_executor.executor.parallel:run_until_complete
[1.071s] INFO:colcon.colcon_ros.task.ament_python.build:Building ROS package in '/home/wheeltec/ros_ws3/src/rosbot_lane_follower_v2' with build type 'ament_python'
[1.071s] Level 1:colcon.colcon_core.shell:create_environment_hook('rosbot_lane_follower_v2', 'ament_prefix_path')
[1.076s] INFO:colcon.colcon_core.plugin_system:Skipping extension 'colcon_core.shell.bat': Not used on non-Windows systems
[1.077s] INFO:colcon.colcon_core.shell:Creating environment hook '/home/wheeltec/ros_ws3/install/rosbot_lane_follower_v2/share/rosbot_lane_follower_v2/hook/ament_prefix_path.ps1'
[1.078s] INFO:colcon.colcon_core.shell:Creating environment descriptor '/home/wheeltec/ros_ws3/install/rosbot_lane_follower_v2/share/rosbot_lane_follower_v2/hook/ament_prefix_path.dsv'
[1.079s] INFO:colcon.colcon_core.shell:Creating environment hook '/home/wheeltec/ros_ws3/install/rosbot_lane_follower_v2/share/rosbot_lane_follower_v2/hook/ament_prefix_path.sh'
[1.080s] INFO:colcon.colcon_core.shell:Skip shell extension 'powershell' for command environment: Not usable outside of PowerShell
[1.081s] DEBUG:colcon.colcon_core.shell:Skip shell extension 'dsv' for command environment
[2.065s] INFO:colcon.colcon_core.task.python.build:Building Python package in '/home/wheeltec/ros_ws3/src/rosbot_lane_follower_v2'
[2.066s] INFO:colcon.colcon_core.shell:Skip shell extension 'powershell' for command environment: Not usable outside of PowerShell
[2.066s] DEBUG:colcon.colcon_core.shell:Skip shell extension 'dsv' for command environment
[3.651s] DEBUG:colcon.colcon_core.event_handler.log_command:Invoking command in '/home/wheeltec/ros_ws3/src/rosbot_lane_follower_v2': PYTHONPATH=/home/wheeltec/ros_ws3/build/rosbot_lane_follower_v2/prefix_override:/usr/lib/python3/dist-packages/colcon_core/task/python/colcon_distutils_commands:/home/wheeltec/ros_ws3/install/rosbot_lane_follower_v2/lib/python3.10/site-packages:${PYTHONPATH} /usr/bin/python3 -W ignore:setup.py install is deprecated -W ignore:easy_install command is deprecated setup.py egg_info --egg-base ../../build/rosbot_lane_follower_v2 build --build-base /home/wheeltec/ros_ws3/build/rosbot_lane_follower_v2/build install --record /home/wheeltec/ros_ws3/build/rosbot_lane_follower_v2/install.log --single-version-externally-managed install_data
[5.289s] DEBUG:colcon.colcon_core.event_handler.log_command:Invoked command in '/home/wheeltec/ros_ws3/src/rosbot_lane_follower_v2' returned '0': PYTHONPATH=/home/wheeltec/ros_ws3/build/rosbot_lane_follower_v2/prefix_override:/usr/lib/python3/dist-packages/colcon_core/task/python/colcon_distutils_commands:/home/wheeltec/ros_ws3/install/rosbot_lane_follower_v2/lib/python3.10/site-packages:${PYTHONPATH} /usr/bin/python3 -W ignore:setup.py install is deprecated -W ignore:easy_install command is deprecated setup.py egg_info --egg-base ../../build/rosbot_lane_follower_v2 build --build-base /home/wheeltec/ros_ws3/build/rosbot_lane_follower_v2/build install --record /home/wheeltec/ros_ws3/build/rosbot_lane_follower_v2/install.log --single-version-externally-managed install_data
[5.300s] Level 1:colcon.colcon_core.environment:checking '/home/wheeltec/ros_ws3/install/rosbot_lane_follower_v2' for CMake module files
[5.302s] Level 1:colcon.colcon_core.environment:checking '/home/wheeltec/ros_ws3/install/rosbot_lane_follower_v2' for CMake config files
[5.304s] Level 1:colcon.colcon_core.environment:checking '/home/wheeltec/ros_ws3/install/rosbot_lane_follower_v2/lib'
[5.305s] Level 1:colcon.colcon_core.environment:checking '/home/wheeltec/ros_ws3/install/rosbot_lane_follower_v2/bin'
[5.305s] Level 1:colcon.colcon_core.environment:checking '/home/wheeltec/ros_ws3/install/rosbot_lane_follower_v2/lib/pkgconfig/rosbot_lane_follower_v2.pc'
[5.306s] Level 1:colcon.colcon_core.environment:checking '/home/wheeltec/ros_ws3/install/rosbot_lane_follower_v2/lib/python3.10/site-packages'
[5.306s] Level 1:colcon.colcon_core.shell:create_environment_hook('rosbot_lane_follower_v2', 'pythonpath')
[5.307s] INFO:colcon.colcon_core.shell:Creating environment hook '/home/wheeltec/ros_ws3/install/rosbot_lane_follower_v2/share/rosbot_lane_follower_v2/hook/pythonpath.ps1'
[5.310s] INFO:colcon.colcon_core.shell:Creating environment descriptor '/home/wheeltec/ros_ws3/install/rosbot_lane_follower_v2/share/rosbot_lane_follower_v2/hook/pythonpath.dsv'
[5.312s] INFO:colcon.colcon_core.shell:Creating environment hook '/home/wheeltec/ros_ws3/install/rosbot_lane_follower_v2/share/rosbot_lane_follower_v2/hook/pythonpath.sh'
[5.314s] Level 1:colcon.colcon_core.environment:checking '/home/wheeltec/ros_ws3/install/rosbot_lane_follower_v2/bin'
[5.314s] Level 1:colcon.colcon_core.environment:create_environment_scripts_only(rosbot_lane_follower_v2)
[5.315s] INFO:colcon.colcon_core.shell:Creating package script '/home/wheeltec/ros_ws3/install/rosbot_lane_follower_v2/share/rosbot_lane_follower_v2/package.ps1'
[5.318s] INFO:colcon.colcon_core.shell:Creating package descriptor '/home/wheeltec/ros_ws3/install/rosbot_lane_follower_v2/share/rosbot_lane_follower_v2/package.dsv'
[5.320s] INFO:colcon.colcon_core.shell:Creating package script '/home/wheeltec/ros_ws3/install/rosbot_lane_follower_v2/share/rosbot_lane_follower_v2/package.sh'
[5.323s] INFO:colcon.colcon_core.shell:Creating package script '/home/wheeltec/ros_ws3/install/rosbot_lane_follower_v2/share/rosbot_lane_follower_v2/package.bash'
[5.327s] INFO:colcon.colcon_core.shell:Creating package script '/home/wheeltec/ros_ws3/install/rosbot_lane_follower_v2/share/rosbot_lane_follower_v2/package.zsh'
[5.330s] Level 1:colcon.colcon_core.environment:create_file_with_runtime_dependencies(/home/wheeltec/ros_ws3/install/rosbot_lane_follower_v2/share/colcon-core/packages/rosbot_lane_follower_v2)
[5.331s] DEBUG:colcon.colcon_parallel_executor.executor.parallel:closing loop
[5.332s] DEBUG:colcon.colcon_parallel_executor.executor.parallel:loop closed
[5.333s] DEBUG:colcon.colcon_parallel_executor.executor.parallel:run_until_complete finished with '0'
[5.333s] DEBUG:colcon.colcon_core.event_reactor:joining thread
[5.348s] INFO:colcon.colcon_core.plugin_system:Skipping extension 'colcon_notification.desktop_notification.terminal_notifier': Not used on non-Darwin systems
[5.348s] INFO:colcon.colcon_core.plugin_system:Skipping extension 'colcon_notification.desktop_notification.win32': Not used on non-Windows systems
[5.349s] INFO:colcon.colcon_notification.desktop_notification:Sending desktop notification using 'notify2'
[5.394s] DEBUG:colcon.colcon_core.event_reactor:joined thread
[5.396s] INFO:colcon.colcon_core.shell:Creating prefix script '/home/wheeltec/ros_ws3/install/local_setup.ps1'
[5.400s] INFO:colcon.colcon_core.shell:Creating prefix util module '/home/wheeltec/ros_ws3/install/_local_setup_util_ps1.py'
[5.405s] INFO:colcon.colcon_core.shell:Creating prefix chain script '/home/wheeltec/ros_ws3/install/setup.ps1'
[5.426s] INFO:colcon.colcon_core.shell:Creating prefix script '/home/wheeltec/ros_ws3/install/local_setup.sh'
[5.429s] INFO:colcon.colcon_core.shell:Creating prefix util module '/home/wheeltec/ros_ws3/install/_local_setup_util_sh.py'
[5.431s] INFO:colcon.colcon_core.shell:Creating prefix chain script '/home/wheeltec/ros_ws3/install/setup.sh'
[5.451s] INFO:colcon.colcon_core.shell:Creating prefix script '/home/wheeltec/ros_ws3/install/local_setup.bash'
[5.452s] INFO:colcon.colcon_core.shell:Creating prefix chain script '/home/wheeltec/ros_ws3/install/setup.bash'
[5.468s] INFO:colcon.colcon_core.shell:Creating prefix script '/home/wheeltec/ros_ws3/install/local_setup.zsh'
[5.470s] INFO:colcon.colcon_core.shell:Creating prefix chain script '/home/wheeltec/ros_ws3/install/setup.zsh'
