[2.604s] Invoking command in '/home/wheeltec/ros_ws3/src/rosbot_lane_follower_v2': PYTHONPATH=/home/wheeltec/ros_ws3/build/rosbot_lane_follower_v2/prefix_override:/usr/lib/python3/dist-packages/colcon_core/task/python/colcon_distutils_commands:/home/wheeltec/ros_ws3/install/rosbot_lane_follower_v2/lib/python3.10/site-packages:${PYTHONPATH} /usr/bin/python3 -W ignore:setup.py install is deprecated -W ignore:easy_install command is deprecated setup.py egg_info --egg-base ../../build/rosbot_lane_follower_v2 build --build-base /home/wheeltec/ros_ws3/build/rosbot_lane_follower_v2/build install --record /home/wheeltec/ros_ws3/build/rosbot_lane_follower_v2/install.log --single-version-externally-managed install_data
[3.663s] running egg_info
[3.702s] writing ../../build/rosbot_lane_follower_v2/rosbot_lane_follower_v2.egg-info/PKG-INFO
[3.703s] writing dependency_links to ../../build/rosbot_lane_follower_v2/rosbot_lane_follower_v2.egg-info/dependency_links.txt
[3.703s] writing entry points to ../../build/rosbot_lane_follower_v2/rosbot_lane_follower_v2.egg-info/entry_points.txt
[3.703s] writing requirements to ../../build/rosbot_lane_follower_v2/rosbot_lane_follower_v2.egg-info/requires.txt
[3.704s] writing top-level names to ../../build/rosbot_lane_follower_v2/rosbot_lane_follower_v2.egg-info/top_level.txt
[3.865s] ERROR setuptools_scm._file_finders.git listing git files failed - pretending there aren't any
[3.868s] reading manifest file '../../build/rosbot_lane_follower_v2/rosbot_lane_follower_v2.egg-info/SOURCES.txt'
[3.870s] writing manifest file '../../build/rosbot_lane_follower_v2/rosbot_lane_follower_v2.egg-info/SOURCES.txt'
[3.871s] running build
[3.871s] running build_py
[3.871s] copying rosbot_lane_follower_v2/lane_follower_node.py -> /home/wheeltec/ros_ws3/build/rosbot_lane_follower_v2/build/lib/rosbot_lane_follower_v2
[3.872s] copying rosbot_lane_follower_v2/utils.py -> /home/wheeltec/ros_ws3/build/rosbot_lane_follower_v2/build/lib/rosbot_lane_follower_v2
[3.874s] running install
[3.886s] running install_lib
[3.926s] copying /home/wheeltec/ros_ws3/build/rosbot_lane_follower_v2/build/lib/rosbot_lane_follower_v2/lane_follower_node.py -> /home/wheeltec/ros_ws3/install/rosbot_lane_follower_v2/lib/python3.10/site-packages/rosbot_lane_follower_v2
[3.926s] copying /home/wheeltec/ros_ws3/build/rosbot_lane_follower_v2/build/lib/rosbot_lane_follower_v2/utils.py -> /home/wheeltec/ros_ws3/install/rosbot_lane_follower_v2/lib/python3.10/site-packages/rosbot_lane_follower_v2
[3.928s] byte-compiling /home/wheeltec/ros_ws3/install/rosbot_lane_follower_v2/lib/python3.10/site-packages/rosbot_lane_follower_v2/lane_follower_node.py to lane_follower_node.cpython-310.pyc
[3.931s] byte-compiling /home/wheeltec/ros_ws3/install/rosbot_lane_follower_v2/lib/python3.10/site-packages/rosbot_lane_follower_v2/utils.py to utils.cpython-310.pyc
[3.933s] running install_data
[3.933s] running install_egg_info
[3.982s] removing '/home/wheeltec/ros_ws3/install/rosbot_lane_follower_v2/lib/python3.10/site-packages/rosbot_lane_follower_v2-0.1.0-py3.10.egg-info' (and everything under it)
[3.983s] Copying ../../build/rosbot_lane_follower_v2/rosbot_lane_follower_v2.egg-info to /home/wheeltec/ros_ws3/install/rosbot_lane_follower_v2/lib/python3.10/site-packages/rosbot_lane_follower_v2-0.1.0-py3.10.egg-info
[3.985s] running install_scripts
[4.137s] Installing lane_follower_node script to /home/wheeltec/ros_ws3/install/rosbot_lane_follower_v2/lib/rosbot_lane_follower_v2
[4.138s] Installing steering_controller_node script to /home/wheeltec/ros_ws3/install/rosbot_lane_follower_v2/lib/rosbot_lane_follower_v2
[4.138s] writing list of installed files to '/home/wheeltec/ros_ws3/build/rosbot_lane_follower_v2/install.log'
[4.262s] Invoked command in '/home/wheeltec/ros_ws3/src/rosbot_lane_follower_v2' returned '0': PYTHONPATH=/home/wheeltec/ros_ws3/build/rosbot_lane_follower_v2/prefix_override:/usr/lib/python3/dist-packages/colcon_core/task/python/colcon_distutils_commands:/home/wheeltec/ros_ws3/install/rosbot_lane_follower_v2/lib/python3.10/site-packages:${PYTHONPATH} /usr/bin/python3 -W ignore:setup.py install is deprecated -W ignore:easy_install command is deprecated setup.py egg_info --egg-base ../../build/rosbot_lane_follower_v2 build --build-base /home/wheeltec/ros_ws3/build/rosbot_lane_follower_v2/build install --record /home/wheeltec/ros_ws3/build/rosbot_lane_follower_v2/install.log --single-version-externally-managed install_data
